# JRE version: OpenJDK Runtime Environment (8.0_242-b08) (build 1.8.0_242-8u242-b08-0ubuntu3~18.04-b08)
# Java VM: OpenJDK 64-Bit Server VM (25.242-b08 mixed mode linux-amd64 compressed oops)
Heap:
 PSYoungGen      total 102400K, used 2003K [0x00000000d7580000, 0x00000000ded80000, 0x0000000100000000)
  eden space 99840K, 2% used [0x00000000d7580000,0x00000000d7774c70,0x00000000dd700000)
  from space 2560K, 0% used [0x00000000deb00000,0x00000000deb00000,0x00000000ded80000)
  to   space 10752K, 0% used [0x00000000dd880000,0x00000000dd880000,0x00000000de300000)
 ParOldGen       total 52736K, used 10402K [0x0000000086000000, 0x0000000089380000, 0x00000000d7580000)
  object space 52736K, 19% used [0x0000000086000000,0x0000000086a28950,0x0000000089380000)
 Metaspace       used 29702K, capacity 31982K, committed 32256K, reserved 1077248K
  class space    used 3901K, capacity 4314K, committed 4352K, reserved 1048576K
GC Heap History (10 events):
Event: 379.034 GC heap before
{Heap before GC invocations=11 (full 3):
 PSYoungGen      total 102400K, used 2276K [0x00000000d7580000, 0x00000000df700000, 0x0000000100000000)
  eden space 99840K, 0% used [0x00000000d7580000,0x00000000d7580000,0x00000000dd700000)
  from space 2560K, 88% used [0x00000000df480000,0x00000000df6b91c8,0x00000000df700000)
  to   space 10240K, 0% used [0x00000000de300000,0x00000000de300000,0x00000000ded00000)
 ParOldGen       total 52736K, used 11411K [0x0000000086000000, 0x0000000089380000, 0x00000000d7580000)
  object space 52736K, 21% used [0x0000000086000000,0x0000000086b24f30,0x0000000089380000)
 Metaspace       used 29582K, capacity 31796K, committed 32000K, reserved 1077248K
  class space    used 3881K, capacity 4283K, committed 4352K, reserved 1048576K
Event: 379.112 GC heap after
Heap after GC invocations=11 (full 3):
 PSYoungGen      total 102400K, used 0K [0x00000000d7580000, 0x00000000df700000, 0x0000000100000000)
  eden space 99840K, 0% used [0x00000000d7580000,0x00000000d7580000,0x00000000dd700000)
  from space 2560K, 0% used [0x00000000df480000,0x00000000df480000,0x00000000df700000)
  to   space 10240K, 0% used [0x00000000de300000,0x00000000de300000,0x00000000ded00000)
 ParOldGen       total 52736K, used 10232K [0x0000000086000000, 0x0000000089380000, 0x00000000d7580000)
  object space 52736K, 19% used [0x0000000086000000,0x00000000869fe080,0x0000000089380000)
 Metaspace       used 29579K, capacity 31790K, committed 32000K, reserved 1077248K
  class space    used 3881K, capacity 4281K, committed 4352K, reserved 1048576K
}
Event: 439.792 GC heap before
{Heap before GC invocations=12 (full 3):
 PSYoungGen      total 102400K, used 55769K [0x00000000d7580000, 0x00000000df700000, 0x0000000100000000)
  eden space 99840K, 55% used [0x00000000d7580000,0x00000000dabf66c8,0x00000000dd700000)
  from space 2560K, 0% used [0x00000000df480000,0x00000000df480000,0x00000000df700000)
  to   space 10240K, 0% used [0x00000000de300000,0x00000000de300000,0x00000000ded00000)
 ParOldGen       total 52736K, used 10232K [0x0000000086000000, 0x0000000089380000, 0x00000000d7580000)
  object space 52736K, 19% used [0x0000000086000000,0x00000000869fe080,0x0000000089380000)
 Metaspace       used 29626K, capacity 31866K, committed 32000K, reserved 1077248K
  class space    used 3890K, capacity 4295K, committed 4352K, reserved 1048576K
Event: 439.796 GC heap after
Heap after GC invocations=12 (full 3):
 PSYoungGen      total 102400K, used 2308K [0x00000000d7580000, 0x00000000df500000, 0x0000000100000000)
  eden space 99840K, 0% used [0x00000000d7580000,0x00000000d7580000,0x00000000dd700000)
  from space 2560K, 90% used [0x00000000de300000,0x00000000de5411c8,0x00000000de580000)
  to   space 10240K, 0% used [0x00000000deb00000,0x00000000deb00000,0x00000000df500000)
 ParOldGen       total 52736K, used 10240K [0x0000000086000000, 0x0000000089380000, 0x00000000d7580000)
  object space 52736K, 19% used [0x0000000086000000,0x0000000086a00080,0x0000000089380000)
 Metaspace       used 29626K, capacity 31866K, committed 32000K, reserved 1077248K
  class space    used 3890K, capacity 4295K, committed 4352K, reserved 1048576K
}
Event: 439.796 GC heap before
{Heap before GC invocations=13 (full 4):
 PSYoungGen      total 102400K, used 2308K [0x00000000d7580000, 0x00000000df500000, 0x0000000100000000)
  eden space 99840K, 0% used [0x00000000d7580000,0x00000000d7580000,0x00000000dd700000)
  from space 2560K, 90% used [0x00000000de300000,0x00000000de5411c8,0x00000000de580000)
  to   space 10240K, 0% used [0x00000000deb00000,0x00000000deb00000,0x00000000df500000)
 ParOldGen       total 52736K, used 10240K [0x0000000086000000, 0x0000000089380000, 0x00000000d7580000)
  object space 52736K, 19% used [0x0000000086000000,0x0000000086a00080,0x0000000089380000)
 Metaspace       used 29626K, capacity 31866K, committed 32000K, reserved 1077248K
  class space    used 3890K, capacity 4295K, committed 4352K, reserved 1048576K
Event: 439.863 GC heap after
Heap after GC invocations=13 (full 4):
 PSYoungGen      total 102400K, used 0K [0x00000000d7580000, 0x00000000df500000, 0x0000000100000000)
  eden space 99840K, 0% used [0x00000000d7580000,0x00000000d7580000,0x00000000dd700000)
  from space 2560K, 0% used [0x00000000de300000,0x00000000de300000,0x00000000de580000)
  to   space 10240K, 0% used [0x00000000deb00000,0x00000000deb00000,0x00000000df500000)
 ParOldGen       total 52736K, used 10319K [0x0000000086000000, 0x0000000089380000, 0x00000000d7580000)
  object space 52736K, 19% used [0x0000000086000000,0x0000000086a13c40,0x0000000089380000)
 Metaspace       used 29624K, capacity 31860K, committed 32000K, reserved 1077248K
  class space    used 3889K, capacity 4293K, committed 4352K, reserved 1048576K
}
Event: 560.655 GC heap before
{Heap before GC invocations=14 (full 4):
 PSYoungGen      total 102400K, used 59363K [0x00000000d7580000, 0x00000000df500000, 0x0000000100000000)
  eden space 99840K, 59% used [0x00000000d7580000,0x00000000daf78e10,0x00000000dd700000)
  from space 2560K, 0% used [0x00000000de300000,0x00000000de300000,0x00000000de580000)
  to   space 10240K, 0% used [0x00000000deb00000,0x00000000deb00000,0x00000000df500000)
 ParOldGen       total 52736K, used 10319K [0x0000000086000000, 0x0000000089380000, 0x00000000d7580000)
  object space 52736K, 19% used [0x0000000086000000,0x0000000086a13c40,0x0000000089380000)
 Metaspace       used 29702K, capacity 31982K, committed 32256K, reserved 1077248K
  class space    used 3901K, capacity 4314K, committed 4352K, reserved 1048576K
Event: 560.662 GC heap after
Heap after GC invocations=14 (full 4):
 PSYoungGen      total 102400K, used 2290K [0x00000000d7580000, 0x00000000ded80000, 0x0000000100000000)
  eden space 99840K, 0% used [0x00000000d7580000,0x00000000d7580000,0x00000000dd700000)
  from space 2560K, 89% used [0x00000000deb00000,0x00000000ded3ca10,0x00000000ded80000)
  to   space 10752K, 0% used [0x00000000dd880000,0x00000000dd880000,0x00000000de300000)
 ParOldGen       total 52736K, used 10327K [0x0000000086000000, 0x0000000089380000, 0x00000000d7580000)
  object space 52736K, 19% used [0x0000000086000000,0x0000000086a15c40,0x0000000089380000)
 Metaspace       used 29702K, capacity 31982K, committed 32256K, reserved 1077248K
  class space    used 3901K, capacity 4314K, committed 4352K, reserved 1048576K
}
Event: 560.662 GC heap before
{Heap before GC invocations=15 (full 5):
 PSYoungGen      total 102400K, used 2290K [0x00000000d7580000, 0x00000000ded80000, 0x0000000100000000)
  eden space 99840K, 0% used [0x00000000d7580000,0x00000000d7580000,0x00000000dd700000)
  from space 2560K, 89% used [0x00000000deb00000,0x00000000ded3ca10,0x00000000ded80000)
  to   space 10752K, 0% used [0x00000000dd880000,0x00000000dd880000,0x00000000de300000)
 ParOldGen       total 52736K, used 10327K [0x0000000086000000, 0x0000000089380000, 0x00000000d7580000)
  object space 52736K, 19% used [0x0000000086000000,0x0000000086a15c40,0x0000000089380000)
 Metaspace       used 29702K, capacity 31982K, committed 32256K, reserved 1077248K
  class space    used 3901K, capacity 4314K, committed 4352K, reserved 1048576K
Event: 560.754 GC heap after
Heap after GC invocations=15 (full 5):
 PSYoungGen      total 102400K, used 0K [0x00000000d7580000, 0x00000000ded80000, 0x0000000100000000)
  eden space 99840K, 0% used [0x00000000d7580000,0x00000000d7580000,0x00000000dd700000)
  from space 2560K, 0% used [0x00000000deb00000,0x00000000deb00000,0x00000000ded80000)
  to   space 10752K, 0% used [0x00000000dd880000,0x00000000dd880000,0x00000000de300000)
 ParOldGen       total 52736K, used 10402K [0x0000000086000000, 0x0000000089380000, 0x00000000d7580000)
  object space 52736K, 19% used [0x0000000086000000,0x0000000086a28950,0x0000000089380000)
 Metaspace       used 29700K, capacity 31976K, committed 32256K, reserved 1077248K
  class space    used 3900K, capacity 4312K, committed 4352K, reserved 1048576K
}

